[2024-09-08 08:16:47] [ INFO ] [ClinicaOdontologicaApplication:50] Starting ClinicaOdontologicaApplication using Java 22.0.2 with PID 899347 (/home/hackj/Digital-House/Backend1/ClinicaOdontologica/target/classes started by hackj in /home/hackj/Digital-House/Backend1/ClinicaOdontologica)
[2024-09-08 08:16:47] [ INFO ] [ClinicaOdontologicaApplication:654] No active profile set, falling back to 1 default profile: "default"
[2024-09-08 08:16:47] [ INFO ] [DevToolsPropertyDefaultsPostProcessor:252] Devtools property defaults active! Set 'spring.devtools.add-properties' to 'false' to disable
[2024-09-08 08:16:47] [ INFO ] [DevToolsPropertyDefaultsPostProcessor:252] For additional web related logging consider setting the 'logging.level.web' property to 'DEBUG'
[2024-09-08 08:16:48] [ INFO ] [RepositoryConfigurationDelegate:143] Bootstrapping Spring Data JPA repositories in DEFAULT mode.
[2024-09-08 08:16:48] [ INFO ] [RepositoryConfigurationDelegate:211] Finished Spring Data repository scanning in 37 ms. Found 3 JPA repository interfaces.
[2024-09-08 08:16:48] [ INFO ] [TomcatWebServer:111] Tomcat initialized with port 8080 (http)
[2024-09-08 08:16:48] [ INFO ] [Http11NioProtocol:173] Initializing ProtocolHandler ["http-nio-8080"]
[2024-09-08 08:16:48] [ INFO ] [StandardService:173] Starting service [Tomcat]
[2024-09-08 08:16:48] [ INFO ] [StandardEngine:173] Starting Servlet engine: [Apache Tomcat/10.1.26]
[2024-09-08 08:16:48] [ INFO ] [[/]:173] Initializing Spring embedded WebApplicationContext
[2024-09-08 08:16:48] [ INFO ] [ServletWebServerApplicationContext:296] Root WebApplicationContext: initialization completed in 1147 ms
[2024-09-08 08:16:48] [ INFO ] [HikariDataSource:109] HikariPool-1 - Starting...
[2024-09-08 08:16:49] [ INFO ] [HikariPool:554] HikariPool-1 - Added connection conn0: url=jdbc:h2:file:/home/hackj/Digital-House/Backend1/ClinicaOdontologica/BD/BD_clinicaOdontologica user=SA
[2024-09-08 08:16:49] [ INFO ] [HikariDataSource:122] HikariPool-1 - Start completed.
[2024-09-08 08:16:49] [ INFO ] [H2ConsoleAutoConfiguration:88] H2 console available at '/h2-console'. Database available at 'jdbc:h2:file:/home/hackj/Digital-House/Backend1/ClinicaOdontologica/BD/BD_clinicaOdontologica'
[2024-09-08 08:16:49] [ INFO ] [LogHelper:31] HHH000204: Processing PersistenceUnitInfo [name: default]
[2024-09-08 08:16:49] [ INFO ] [Version:44] HHH000412: Hibernate ORM core version 6.5.2.Final
[2024-09-08 08:16:49] [ INFO ] [RegionFactoryInitiator:50] HHH000026: Second-level cache disabled
[2024-09-08 08:16:49] [ INFO ] [SpringPersistenceUnitInfo:87] No LoadTimeWeaver setup: ignoring JPA class transformer
[2024-09-08 08:16:50] [ INFO ] [JtaPlatformInitiator:59] HHH000489: No JTA platform available (set 'hibernate.transaction.jta.platform' to enable JTA platform integration)
[2024-09-08 08:16:50] [ INFO ] [LocalContainerEntityManagerFactoryBean:437] Initialized JPA EntityManagerFactory for persistence unit 'default'
[2024-09-08 08:16:50] [ WARN ] [JpaBaseConfiguration$JpaWebConfiguration:236] spring.jpa.open-in-view is enabled by default. Therefore, database queries may be performed during view rendering. Explicitly configure spring.jpa.open-in-view to disable this warning
[2024-09-08 08:16:50] [ INFO ] [WelcomePageHandlerMapping:59] Adding welcome page: class path resource [static/index.html]
[2024-09-08 08:16:50] [ INFO ] [OptionalLiveReloadServer:59] LiveReload server is running on port 35729
[2024-09-08 08:16:50] [ INFO ] [Http11NioProtocol:173] Starting ProtocolHandler ["http-nio-8080"]
[2024-09-08 08:16:50] [ INFO ] [TomcatWebServer:243] Tomcat started on port 8080 (http) with context path '/'
[2024-09-08 08:16:50] [ INFO ] [ClinicaOdontologicaApplication:56] Started ClinicaOdontologicaApplication in 3.471 seconds (process running for 4.226)
[2024-09-08 08:17:07] [ INFO ] [[/]:173] Initializing Spring DispatcherServlet 'dispatcherServlet'
[2024-09-08 08:17:07] [ INFO ] [DispatcherServlet:532] Initializing Servlet 'dispatcherServlet'
[2024-09-08 08:17:07] [ INFO ] [DispatcherServlet:554] Completed initialization in 1 ms
[2024-09-08 09:44:54] [ INFO ] [LocalContainerEntityManagerFactoryBean:650] Closing JPA EntityManagerFactory for persistence unit 'default'
[2024-09-08 09:44:54] [ INFO ] [HikariDataSource:349] HikariPool-1 - Shutdown initiated...
[2024-09-08 09:44:54] [ INFO ] [HikariDataSource:351] HikariPool-1 - Shutdown completed.
[2024-09-08 09:51:07] [ INFO ] [ClinicaOdontologicaApplication:50] Starting ClinicaOdontologicaApplication using Java 22.0.2 with PID 1437623 (/home/hackj/Digital-House/Backend1/ClinicaOdontologica/target/classes started by hackj in /home/hackj/Digital-House/Backend1/ClinicaOdontologica)
[2024-09-08 09:51:07] [ INFO ] [ClinicaOdontologicaApplication:654] No active profile set, falling back to 1 default profile: "default"
[2024-09-08 09:51:07] [ INFO ] [DevToolsPropertyDefaultsPostProcessor:252] Devtools property defaults active! Set 'spring.devtools.add-properties' to 'false' to disable
[2024-09-08 09:51:07] [ INFO ] [DevToolsPropertyDefaultsPostProcessor:252] For additional web related logging consider setting the 'logging.level.web' property to 'DEBUG'
[2024-09-08 09:51:08] [ INFO ] [RepositoryConfigurationDelegate:143] Bootstrapping Spring Data JPA repositories in DEFAULT mode.
[2024-09-08 09:51:08] [ INFO ] [RepositoryConfigurationDelegate:211] Finished Spring Data repository scanning in 40 ms. Found 3 JPA repository interfaces.
[2024-09-08 09:51:08] [ INFO ] [TomcatWebServer:111] Tomcat initialized with port 8080 (http)
[2024-09-08 09:51:08] [ INFO ] [Http11NioProtocol:173] Initializing ProtocolHandler ["http-nio-8080"]
[2024-09-08 09:51:08] [ INFO ] [StandardService:173] Starting service [Tomcat]
[2024-09-08 09:51:08] [ INFO ] [StandardEngine:173] Starting Servlet engine: [Apache Tomcat/10.1.26]
[2024-09-08 09:51:09] [ INFO ] [[/]:173] Initializing Spring embedded WebApplicationContext
[2024-09-08 09:51:09] [ INFO ] [ServletWebServerApplicationContext:296] Root WebApplicationContext: initialization completed in 1054 ms
[2024-09-08 09:51:09] [ INFO ] [HikariDataSource:109] HikariPool-1 - Starting...
[2024-09-08 09:51:09] [ INFO ] [HikariPool:554] HikariPool-1 - Added connection conn0: url=jdbc:h2:file:/home/hackj/Digital-House/Backend1/ClinicaOdontologica/BD/BD_clinicaOdontologica user=SA
[2024-09-08 09:51:09] [ INFO ] [HikariDataSource:122] HikariPool-1 - Start completed.
[2024-09-08 09:51:09] [ INFO ] [H2ConsoleAutoConfiguration:88] H2 console available at '/h2-console'. Database available at 'jdbc:h2:file:/home/hackj/Digital-House/Backend1/ClinicaOdontologica/BD/BD_clinicaOdontologica'
[2024-09-08 09:51:09] [ INFO ] [LogHelper:31] HHH000204: Processing PersistenceUnitInfo [name: default]
[2024-09-08 09:51:09] [ INFO ] [Version:44] HHH000412: Hibernate ORM core version 6.5.2.Final
[2024-09-08 09:51:09] [ INFO ] [RegionFactoryInitiator:50] HHH000026: Second-level cache disabled
[2024-09-08 09:51:09] [ INFO ] [SpringPersistenceUnitInfo:87] No LoadTimeWeaver setup: ignoring JPA class transformer
[2024-09-08 09:51:10] [ INFO ] [JtaPlatformInitiator:59] HHH000489: No JTA platform available (set 'hibernate.transaction.jta.platform' to enable JTA platform integration)
[2024-09-08 09:51:10] [ INFO ] [LocalContainerEntityManagerFactoryBean:437] Initialized JPA EntityManagerFactory for persistence unit 'default'
[2024-09-08 09:51:10] [ WARN ] [JpaBaseConfiguration$JpaWebConfiguration:236] spring.jpa.open-in-view is enabled by default. Therefore, database queries may be performed during view rendering. Explicitly configure spring.jpa.open-in-view to disable this warning
[2024-09-08 09:51:10] [ INFO ] [WelcomePageHandlerMapping:59] Adding welcome page: class path resource [static/index.html]
[2024-09-08 09:51:10] [ INFO ] [OptionalLiveReloadServer:59] LiveReload server is running on port 35729
[2024-09-08 09:51:10] [ INFO ] [Http11NioProtocol:173] Starting ProtocolHandler ["http-nio-8080"]
[2024-09-08 09:51:10] [ INFO ] [TomcatWebServer:243] Tomcat started on port 8080 (http) with context path '/'
[2024-09-08 09:51:10] [ INFO ] [ClinicaOdontologicaApplication:56] Started ClinicaOdontologicaApplication in 3.162 seconds (process running for 3.826)
[2024-09-08 09:51:17] [ INFO ] [[/]:173] Initializing Spring DispatcherServlet 'dispatcherServlet'
[2024-09-08 09:51:17] [ INFO ] [DispatcherServlet:532] Initializing Servlet 'dispatcherServlet'
[2024-09-08 09:51:17] [ INFO ] [DispatcherServlet:554] Completed initialization in 2 ms
[2024-09-08 09:55:41] [ INFO ] [LocalContainerEntityManagerFactoryBean:650] Closing JPA EntityManagerFactory for persistence unit 'default'
[2024-09-08 09:55:41] [ INFO ] [HikariDataSource:349] HikariPool-1 - Shutdown initiated...
[2024-09-08 09:55:41] [ INFO ] [HikariDataSource:351] HikariPool-1 - Shutdown completed.
[2024-09-08 09:56:02] [ INFO ] [ClinicaOdontologicaApplication:50] Starting ClinicaOdontologicaApplication using Java 22.0.2 with PID 1466146 (/home/hackj/Digital-House/Backend1/ClinicaOdontologica/target/classes started by hackj in /home/hackj/Digital-House/Backend1/ClinicaOdontologica)
[2024-09-08 09:56:02] [ INFO ] [ClinicaOdontologicaApplication:654] No active profile set, falling back to 1 default profile: "default"
[2024-09-08 09:56:02] [ INFO ] [DevToolsPropertyDefaultsPostProcessor:252] Devtools property defaults active! Set 'spring.devtools.add-properties' to 'false' to disable
[2024-09-08 09:56:02] [ INFO ] [DevToolsPropertyDefaultsPostProcessor:252] For additional web related logging consider setting the 'logging.level.web' property to 'DEBUG'
[2024-09-08 09:56:02] [ INFO ] [RepositoryConfigurationDelegate:143] Bootstrapping Spring Data JPA repositories in DEFAULT mode.
[2024-09-08 09:56:02] [ INFO ] [RepositoryConfigurationDelegate:211] Finished Spring Data repository scanning in 33 ms. Found 3 JPA repository interfaces.
[2024-09-08 09:56:03] [ INFO ] [TomcatWebServer:111] Tomcat initialized with port 8080 (http)
[2024-09-08 09:56:03] [ INFO ] [Http11NioProtocol:173] Initializing ProtocolHandler ["http-nio-8080"]
[2024-09-08 09:56:03] [ INFO ] [StandardService:173] Starting service [Tomcat]
[2024-09-08 09:56:03] [ INFO ] [StandardEngine:173] Starting Servlet engine: [Apache Tomcat/10.1.26]
[2024-09-08 09:56:03] [ INFO ] [[/]:173] Initializing Spring embedded WebApplicationContext
[2024-09-08 09:56:03] [ INFO ] [ServletWebServerApplicationContext:296] Root WebApplicationContext: initialization completed in 1026 ms
[2024-09-08 09:56:03] [ INFO ] [HikariDataSource:109] HikariPool-1 - Starting...
[2024-09-08 09:56:03] [ INFO ] [HikariPool:554] HikariPool-1 - Added connection conn0: url=jdbc:h2:file:/home/hackj/Digital-House/Backend1/ClinicaOdontologica/BD/BD_clinicaOdontologica user=SA
[2024-09-08 09:56:03] [ INFO ] [HikariDataSource:122] HikariPool-1 - Start completed.
[2024-09-08 09:56:03] [ INFO ] [H2ConsoleAutoConfiguration:88] H2 console available at '/h2-console'. Database available at 'jdbc:h2:file:/home/hackj/Digital-House/Backend1/ClinicaOdontologica/BD/BD_clinicaOdontologica'
[2024-09-08 09:56:03] [ INFO ] [LogHelper:31] HHH000204: Processing PersistenceUnitInfo [name: default]
[2024-09-08 09:56:03] [ INFO ] [Version:44] HHH000412: Hibernate ORM core version 6.5.2.Final
[2024-09-08 09:56:03] [ INFO ] [RegionFactoryInitiator:50] HHH000026: Second-level cache disabled
[2024-09-08 09:56:03] [ INFO ] [SpringPersistenceUnitInfo:87] No LoadTimeWeaver setup: ignoring JPA class transformer
[2024-09-08 09:56:04] [ INFO ] [JtaPlatformInitiator:59] HHH000489: No JTA platform available (set 'hibernate.transaction.jta.platform' to enable JTA platform integration)
[2024-09-08 09:56:04] [ INFO ] [LocalContainerEntityManagerFactoryBean:437] Initialized JPA EntityManagerFactory for persistence unit 'default'
[2024-09-08 09:56:04] [ WARN ] [JpaBaseConfiguration$JpaWebConfiguration:236] spring.jpa.open-in-view is enabled by default. Therefore, database queries may be performed during view rendering. Explicitly configure spring.jpa.open-in-view to disable this warning
[2024-09-08 09:56:04] [ INFO ] [WelcomePageHandlerMapping:59] Adding welcome page: class path resource [static/index.html]
[2024-09-08 09:56:04] [ INFO ] [OptionalLiveReloadServer:59] LiveReload server is running on port 35729
[2024-09-08 09:56:04] [ INFO ] [Http11NioProtocol:173] Starting ProtocolHandler ["http-nio-8080"]
[2024-09-08 09:56:05] [ INFO ] [TomcatWebServer:243] Tomcat started on port 8080 (http) with context path '/'
[2024-09-08 09:56:05] [ INFO ] [ClinicaOdontologicaApplication:56] Started ClinicaOdontologicaApplication in 3.105 seconds (process running for 3.772)
[2024-09-08 09:56:12] [ INFO ] [[/]:173] Initializing Spring DispatcherServlet 'dispatcherServlet'
[2024-09-08 09:56:12] [ INFO ] [DispatcherServlet:532] Initializing Servlet 'dispatcherServlet'
[2024-09-08 09:56:12] [ INFO ] [DispatcherServlet:554] Completed initialization in 0 ms
[2024-09-08 09:58:13] [ INFO ] [LocalContainerEntityManagerFactoryBean:650] Closing JPA EntityManagerFactory for persistence unit 'default'
[2024-09-08 09:58:13] [ INFO ] [HikariDataSource:349] HikariPool-1 - Shutdown initiated...
[2024-09-08 09:58:13] [ INFO ] [HikariDataSource:351] HikariPool-1 - Shutdown completed.
[2024-09-08 13:39:55] [ INFO ] [ClinicaOdontologicaApplication:50] Starting ClinicaOdontologicaApplication using Java 22.0.2 with PID 2022126 (/home/hackj/Digital-House/Backend1/ClinicaOdontologica/target/classes started by hackj in /home/hackj/Digital-House/Backend1/ClinicaOdontologica)
[2024-09-08 13:39:55] [ INFO ] [ClinicaOdontologicaApplication:654] No active profile set, falling back to 1 default profile: "default"
[2024-09-08 13:39:55] [ INFO ] [DevToolsPropertyDefaultsPostProcessor:252] Devtools property defaults active! Set 'spring.devtools.add-properties' to 'false' to disable
[2024-09-08 13:39:55] [ INFO ] [DevToolsPropertyDefaultsPostProcessor:252] For additional web related logging consider setting the 'logging.level.web' property to 'DEBUG'
[2024-09-08 13:39:55] [ INFO ] [RepositoryConfigurationDelegate:143] Bootstrapping Spring Data JPA repositories in DEFAULT mode.
[2024-09-08 13:39:55] [ INFO ] [RepositoryConfigurationDelegate:211] Finished Spring Data repository scanning in 46 ms. Found 3 JPA repository interfaces.
[2024-09-08 13:39:56] [ INFO ] [TomcatWebServer:111] Tomcat initialized with port 8080 (http)
[2024-09-08 13:39:56] [ INFO ] [Http11NioProtocol:173] Initializing ProtocolHandler ["http-nio-8080"]
[2024-09-08 13:39:56] [ INFO ] [StandardService:173] Starting service [Tomcat]
[2024-09-08 13:39:56] [ INFO ] [StandardEngine:173] Starting Servlet engine: [Apache Tomcat/10.1.26]
[2024-09-08 13:39:56] [ INFO ] [[/]:173] Initializing Spring embedded WebApplicationContext
[2024-09-08 13:39:56] [ INFO ] [ServletWebServerApplicationContext:296] Root WebApplicationContext: initialization completed in 1117 ms
[2024-09-08 13:39:56] [ INFO ] [HikariDataSource:109] HikariPool-1 - Starting...
[2024-09-08 13:39:56] [ INFO ] [HikariPool:554] HikariPool-1 - Added connection conn0: url=jdbc:h2:file:/home/hackj/Digital-House/Backend1/ClinicaOdontologica/BD/BD_clinicaOdontologica user=SA
[2024-09-08 13:39:56] [ INFO ] [HikariDataSource:122] HikariPool-1 - Start completed.
[2024-09-08 13:39:56] [ INFO ] [H2ConsoleAutoConfiguration:88] H2 console available at '/h2-console'. Database available at 'jdbc:h2:file:/home/hackj/Digital-House/Backend1/ClinicaOdontologica/BD/BD_clinicaOdontologica'
[2024-09-08 13:39:56] [ INFO ] [LogHelper:31] HHH000204: Processing PersistenceUnitInfo [name: default]
[2024-09-08 13:39:56] [ INFO ] [Version:44] HHH000412: Hibernate ORM core version 6.5.2.Final
[2024-09-08 13:39:56] [ INFO ] [RegionFactoryInitiator:50] HHH000026: Second-level cache disabled
[2024-09-08 13:39:57] [ INFO ] [SpringPersistenceUnitInfo:87] No LoadTimeWeaver setup: ignoring JPA class transformer
[2024-09-08 13:39:57] [ INFO ] [JtaPlatformInitiator:59] HHH000489: No JTA platform available (set 'hibernate.transaction.jta.platform' to enable JTA platform integration)
[2024-09-08 13:39:57] [ INFO ] [LocalContainerEntityManagerFactoryBean:437] Initialized JPA EntityManagerFactory for persistence unit 'default'
[2024-09-08 13:39:58] [ WARN ] [JpaBaseConfiguration$JpaWebConfiguration:236] spring.jpa.open-in-view is enabled by default. Therefore, database queries may be performed during view rendering. Explicitly configure spring.jpa.open-in-view to disable this warning
[2024-09-08 13:39:58] [ INFO ] [WelcomePageHandlerMapping:59] Adding welcome page: class path resource [static/index.html]
[2024-09-08 13:39:58] [ INFO ] [OptionalLiveReloadServer:59] LiveReload server is running on port 35729
[2024-09-08 13:39:58] [ INFO ] [Http11NioProtocol:173] Starting ProtocolHandler ["http-nio-8080"]
[2024-09-08 13:39:58] [ INFO ] [TomcatWebServer:243] Tomcat started on port 8080 (http) with context path '/'
[2024-09-08 13:39:58] [ INFO ] [ClinicaOdontologicaApplication:56] Started ClinicaOdontologicaApplication in 3.382 seconds (process running for 4.063)
[2024-09-08 13:40:51] [ INFO ] [[/]:173] Initializing Spring DispatcherServlet 'dispatcherServlet'
[2024-09-08 13:40:51] [ INFO ] [DispatcherServlet:532] Initializing Servlet 'dispatcherServlet'
[2024-09-08 13:40:51] [ INFO ] [DispatcherServlet:554] Completed initialization in 1 ms
[2024-09-08 14:40:16] [ INFO ] [LocalContainerEntityManagerFactoryBean:650] Closing JPA EntityManagerFactory for persistence unit 'default'
[2024-09-08 14:40:16] [ INFO ] [HikariDataSource:349] HikariPool-1 - Shutdown initiated...
[2024-09-08 14:40:16] [ INFO ] [HikariDataSource:351] HikariPool-1 - Shutdown completed.
[2024-09-08 15:52:04] [ INFO ] [ClinicaOdontologicaApplication:50] Starting ClinicaOdontologicaApplication using Java 22.0.2 with PID 2773622 (/home/hackj/Digital-House/Backend1/ClinicaOdontologica/target/classes started by hackj in /home/hackj/Digital-House/Backend1/ClinicaOdontologica)
[2024-09-08 15:52:04] [ INFO ] [ClinicaOdontologicaApplication:654] No active profile set, falling back to 1 default profile: "default"
[2024-09-08 15:52:04] [ INFO ] [DevToolsPropertyDefaultsPostProcessor:252] Devtools property defaults active! Set 'spring.devtools.add-properties' to 'false' to disable
[2024-09-08 15:52:04] [ INFO ] [DevToolsPropertyDefaultsPostProcessor:252] For additional web related logging consider setting the 'logging.level.web' property to 'DEBUG'
[2024-09-08 15:52:05] [ INFO ] [RepositoryConfigurationDelegate:143] Bootstrapping Spring Data JPA repositories in DEFAULT mode.
[2024-09-08 15:52:05] [ INFO ] [RepositoryConfigurationDelegate:211] Finished Spring Data repository scanning in 30 ms. Found 3 JPA repository interfaces.
[2024-09-08 15:52:05] [ INFO ] [TomcatWebServer:111] Tomcat initialized with port 8080 (http)
[2024-09-08 15:52:05] [ INFO ] [Http11NioProtocol:173] Initializing ProtocolHandler ["http-nio-8080"]
[2024-09-08 15:52:05] [ INFO ] [StandardService:173] Starting service [Tomcat]
[2024-09-08 15:52:05] [ INFO ] [StandardEngine:173] Starting Servlet engine: [Apache Tomcat/10.1.26]
[2024-09-08 15:52:05] [ INFO ] [[/]:173] Initializing Spring embedded WebApplicationContext
[2024-09-08 15:52:05] [ INFO ] [ServletWebServerApplicationContext:296] Root WebApplicationContext: initialization completed in 850 ms
[2024-09-08 15:52:05] [ INFO ] [HikariDataSource:109] HikariPool-1 - Starting...
[2024-09-08 15:52:05] [ INFO ] [HikariPool:554] HikariPool-1 - Added connection conn0: url=jdbc:h2:file:/home/hackj/Digital-House/Backend1/ClinicaOdontologica/BD/BD_clinicaOdontologica user=SA
[2024-09-08 15:52:05] [ INFO ] [HikariDataSource:122] HikariPool-1 - Start completed.
[2024-09-08 15:52:05] [ INFO ] [H2ConsoleAutoConfiguration:88] H2 console available at '/h2-console'. Database available at 'jdbc:h2:file:/home/hackj/Digital-House/Backend1/ClinicaOdontologica/BD/BD_clinicaOdontologica'
[2024-09-08 15:52:05] [ INFO ] [LogHelper:31] HHH000204: Processing PersistenceUnitInfo [name: default]
[2024-09-08 15:52:05] [ INFO ] [Version:44] HHH000412: Hibernate ORM core version 6.5.2.Final
[2024-09-08 15:52:06] [ INFO ] [RegionFactoryInitiator:50] HHH000026: Second-level cache disabled
[2024-09-08 15:52:06] [ INFO ] [SpringPersistenceUnitInfo:87] No LoadTimeWeaver setup: ignoring JPA class transformer
[2024-09-08 15:52:06] [ INFO ] [JtaPlatformInitiator:59] HHH000489: No JTA platform available (set 'hibernate.transaction.jta.platform' to enable JTA platform integration)
[2024-09-08 15:52:06] [ INFO ] [LocalContainerEntityManagerFactoryBean:437] Initialized JPA EntityManagerFactory for persistence unit 'default'
[2024-09-08 15:52:06] [ WARN ] [JpaBaseConfiguration$JpaWebConfiguration:236] spring.jpa.open-in-view is enabled by default. Therefore, database queries may be performed during view rendering. Explicitly configure spring.jpa.open-in-view to disable this warning
[2024-09-08 15:52:07] [ INFO ] [WelcomePageHandlerMapping:59] Adding welcome page: class path resource [static/index.html]
[2024-09-08 15:52:07] [ INFO ] [OptionalLiveReloadServer:59] LiveReload server is running on port 35729
[2024-09-08 15:52:07] [ INFO ] [Http11NioProtocol:173] Starting ProtocolHandler ["http-nio-8080"]
[2024-09-08 15:52:07] [ INFO ] [TomcatWebServer:243] Tomcat started on port 8080 (http) with context path '/'
[2024-09-08 15:52:07] [ INFO ] [ClinicaOdontologicaApplication:56] Started ClinicaOdontologicaApplication in 2.831 seconds (process running for 3.402)
[2024-09-08 15:52:58] [ INFO ] [[/]:173] Initializing Spring DispatcherServlet 'dispatcherServlet'
[2024-09-08 15:52:58] [ INFO ] [DispatcherServlet:532] Initializing Servlet 'dispatcherServlet'
[2024-09-08 15:52:58] [ INFO ] [DispatcherServlet:554] Completed initialization in 1 ms
[2024-09-08 16:41:38] [ INFO ] [LocalContainerEntityManagerFactoryBean:650] Closing JPA EntityManagerFactory for persistence unit 'default'
[2024-09-08 16:41:38] [ INFO ] [HikariDataSource:349] HikariPool-1 - Shutdown initiated...
[2024-09-08 16:41:38] [ INFO ] [HikariDataSource:351] HikariPool-1 - Shutdown completed.
[2024-09-08 22:55:25] [ INFO ] [ClinicaOdontologicaApplication:50] Starting ClinicaOdontologicaApplication using Java 22.0.2 with PID 3960810 (/home/hackj/Digital-House/Backend1/ClinicaOdontologica/target/classes started by hackj in /home/hackj/Digital-House/Backend1/ClinicaOdontologica)
[2024-09-08 22:55:25] [ INFO ] [ClinicaOdontologicaApplication:654] No active profile set, falling back to 1 default profile: "default"
[2024-09-08 22:55:25] [ INFO ] [DevToolsPropertyDefaultsPostProcessor:252] Devtools property defaults active! Set 'spring.devtools.add-properties' to 'false' to disable
[2024-09-08 22:55:25] [ INFO ] [DevToolsPropertyDefaultsPostProcessor:252] For additional web related logging consider setting the 'logging.level.web' property to 'DEBUG'
[2024-09-08 22:55:25] [ INFO ] [RepositoryConfigurationDelegate:143] Bootstrapping Spring Data JPA repositories in DEFAULT mode.
[2024-09-08 22:55:25] [ INFO ] [RepositoryConfigurationDelegate:211] Finished Spring Data repository scanning in 43 ms. Found 3 JPA repository interfaces.
[2024-09-08 22:55:26] [ INFO ] [TomcatWebServer:111] Tomcat initialized with port 8080 (http)
[2024-09-08 22:55:26] [ INFO ] [Http11NioProtocol:173] Initializing ProtocolHandler ["http-nio-8080"]
[2024-09-08 22:55:26] [ INFO ] [StandardService:173] Starting service [Tomcat]
[2024-09-08 22:55:26] [ INFO ] [StandardEngine:173] Starting Servlet engine: [Apache Tomcat/10.1.26]
[2024-09-08 22:55:26] [ INFO ] [[/]:173] Initializing Spring embedded WebApplicationContext
[2024-09-08 22:55:26] [ INFO ] [ServletWebServerApplicationContext:296] Root WebApplicationContext: initialization completed in 1060 ms
[2024-09-08 22:55:26] [ INFO ] [HikariDataSource:109] HikariPool-1 - Starting...
[2024-09-08 22:55:26] [ INFO ] [HikariPool:554] HikariPool-1 - Added connection conn0: url=jdbc:h2:file:/home/hackj/Digital-House/Backend1/ClinicaOdontologica/BD/BD_clinicaOdontologica user=SA
[2024-09-08 22:55:26] [ INFO ] [HikariDataSource:122] HikariPool-1 - Start completed.
[2024-09-08 22:55:26] [ INFO ] [H2ConsoleAutoConfiguration:88] H2 console available at '/h2-console'. Database available at 'jdbc:h2:file:/home/hackj/Digital-House/Backend1/ClinicaOdontologica/BD/BD_clinicaOdontologica'
[2024-09-08 22:55:26] [ INFO ] [LogHelper:31] HHH000204: Processing PersistenceUnitInfo [name: default]
[2024-09-08 22:55:26] [ INFO ] [Version:44] HHH000412: Hibernate ORM core version 6.5.2.Final
[2024-09-08 22:55:26] [ INFO ] [RegionFactoryInitiator:50] HHH000026: Second-level cache disabled
[2024-09-08 22:55:27] [ INFO ] [SpringPersistenceUnitInfo:87] No LoadTimeWeaver setup: ignoring JPA class transformer
[2024-09-08 22:55:27] [ INFO ] [JtaPlatformInitiator:59] HHH000489: No JTA platform available (set 'hibernate.transaction.jta.platform' to enable JTA platform integration)
[2024-09-08 22:55:27] [ INFO ] [LocalContainerEntityManagerFactoryBean:437] Initialized JPA EntityManagerFactory for persistence unit 'default'
[2024-09-08 22:55:28] [ WARN ] [JpaBaseConfiguration$JpaWebConfiguration:236] spring.jpa.open-in-view is enabled by default. Therefore, database queries may be performed during view rendering. Explicitly configure spring.jpa.open-in-view to disable this warning
[2024-09-08 22:55:28] [ INFO ] [WelcomePageHandlerMapping:59] Adding welcome page: class path resource [static/index.html]
[2024-09-08 22:55:28] [ INFO ] [OptionalLiveReloadServer:59] LiveReload server is running on port 35729
[2024-09-08 22:55:28] [ INFO ] [Http11NioProtocol:173] Starting ProtocolHandler ["http-nio-8080"]
[2024-09-08 22:55:28] [ INFO ] [TomcatWebServer:243] Tomcat started on port 8080 (http) with context path '/'
[2024-09-08 22:55:28] [ INFO ] [ClinicaOdontologicaApplication:56] Started ClinicaOdontologicaApplication in 3.307 seconds (process running for 3.953)
[2024-09-08 22:55:37] [ INFO ] [[/]:173] Initializing Spring DispatcherServlet 'dispatcherServlet'
[2024-09-08 22:55:37] [ INFO ] [DispatcherServlet:532] Initializing Servlet 'dispatcherServlet'
[2024-09-08 22:55:37] [ INFO ] [DispatcherServlet:554] Completed initialization in 1 ms
[2024-09-08 23:12:14] [ INFO ] [LocalContainerEntityManagerFactoryBean:650] Closing JPA EntityManagerFactory for persistence unit 'default'
[2024-09-08 23:12:14] [ INFO ] [HikariDataSource:349] HikariPool-1 - Shutdown initiated...
[2024-09-08 23:12:14] [ INFO ] [HikariDataSource:351] HikariPool-1 - Shutdown completed.
